<?xml version="1.0" encoding="UTF-8"?>
<testsuite name="jpabook.jpashop.service.OrderServiceTest" tests="3" skipped="0" failures="0" errors="0" timestamp="2024-05-23T21:51:38" hostname="jeonghoeyul-ui-MacBookPro.local" time="0.5">
  <properties/>
  <testcase name="상품주문_재고수량초과()" classname="jpabook.jpashop.service.OrderServiceTest" time="0.481"/>
  <testcase name="상품주문()" classname="jpabook.jpashop.service.OrderServiceTest" time="0.01"/>
  <testcase name="주문취소()" classname="jpabook.jpashop.service.OrderServiceTest" time="0.006"/>
  <system-out><![CDATA[06:51:35.562 [Test worker] INFO org.springframework.test.context.support.AnnotationConfigContextLoaderUtils -- Could not detect default configuration classes for test class [jpabook.jpashop.service.OrderServiceTest]: OrderServiceTest does not declare any static, non-private, non-final, nested classes annotated with @Configuration.
06:51:35.631 [Test worker] INFO org.springframework.boot.test.context.SpringBootTestContextBootstrapper -- Found @SpringBootConfiguration jpabook.jpashop.JpashopApplication for test class jpabook.jpashop.service.OrderServiceTest
06:51:35.725 [Test worker] INFO org.springframework.boot.devtools.restart.RestartApplicationListener -- Restart disabled due to context in which it is running

  .   ____          _            __ _ _
 /\\ / ___'_ __ _ _(_)_ __  __ _ \ \ \ \
( ( )\___ | '_ | '_| | '_ \/ _` | \ \ \ \
 \\/  ___)| |_)| | | | | || (_| |  ) ) ) )
  '  |____| .__|_| |_|_| |_\__, | / / / /
 =========|_|==============|___/=/_/_/_/
 :: Spring Boot ::                (v3.2.4)

2024-05-24T06:51:35.887+09:00  INFO 6703 --- [    Test worker] j.jpashop.service.OrderServiceTest       : Starting OrderServiceTest using Java 18.0.2.1 with PID 6703 (started by jeonghoeyul in /Users/jeonghoeyul/Desktop/study/스프링부트 실전1/jpashop)
2024-05-24T06:51:35.888+09:00  INFO 6703 --- [    Test worker] j.jpashop.service.OrderServiceTest       : No active profile set, falling back to 1 default profile: "default"
2024-05-24T06:51:36.283+09:00  INFO 6703 --- [    Test worker] .s.d.r.c.RepositoryConfigurationDelegate : Bootstrapping Spring Data JPA repositories in DEFAULT mode.
2024-05-24T06:51:36.298+09:00  INFO 6703 --- [    Test worker] .s.d.r.c.RepositoryConfigurationDelegate : Finished Spring Data repository scanning in 9 ms. Found 0 JPA repository interfaces.
2024-05-24T06:51:36.513+09:00  INFO 6703 --- [    Test worker] com.zaxxer.hikari.HikariDataSource       : HikariPool-1 - Starting...
2024-05-24T06:51:36.642+09:00  INFO 6703 --- [    Test worker] com.zaxxer.hikari.pool.HikariPool        : HikariPool-1 - Added connection conn0: url=jdbc:h2:mem:7485bc0e-c123-4f3b-ad2b-245644d4293a user=SA
2024-05-24T06:51:36.643+09:00  INFO 6703 --- [    Test worker] com.zaxxer.hikari.HikariDataSource       : HikariPool-1 - Start completed.
2024-05-24T06:51:36.672+09:00  INFO 6703 --- [    Test worker] o.hibernate.jpa.internal.util.LogHelper  : HHH000204: Processing PersistenceUnitInfo [name: default]
2024-05-24T06:51:36.710+09:00  INFO 6703 --- [    Test worker] org.hibernate.Version                    : HHH000412: Hibernate ORM core version 6.4.4.Final
2024-05-24T06:51:36.733+09:00  INFO 6703 --- [    Test worker] o.h.c.internal.RegionFactoryInitiator    : HHH000026: Second-level cache disabled
2024-05-24T06:51:36.868+09:00  INFO 6703 --- [    Test worker] o.s.o.j.p.SpringPersistenceUnitInfo      : No LoadTimeWeaver setup: ignoring JPA class transformer
2024-05-24T06:51:37.590+09:00  INFO 6703 --- [    Test worker] o.h.e.t.j.p.i.JtaPlatformInitiator       : HHH000489: No JTA platform available (set 'hibernate.transaction.jta.platform' to enable JTA platform integration)
2024-05-24T06:51:37.598+09:00 DEBUG 6703 --- [    Test worker] org.hibernate.SQL                        : drop table if exists category cascade 
2024-05-24T06:51:37.599+09:00 DEBUG 6703 --- [    Test worker] org.hibernate.SQL                        : drop table if exists category_item cascade 
2024-05-24T06:51:37.599+09:00 DEBUG 6703 --- [    Test worker] org.hibernate.SQL                        : drop table if exists delivery cascade 
2024-05-24T06:51:37.600+09:00 DEBUG 6703 --- [    Test worker] org.hibernate.SQL                        : drop table if exists item cascade 
2024-05-24T06:51:37.600+09:00 DEBUG 6703 --- [    Test worker] org.hibernate.SQL                        : drop table if exists member cascade 
2024-05-24T06:51:37.600+09:00 DEBUG 6703 --- [    Test worker] org.hibernate.SQL                        : drop table if exists order_item cascade 
2024-05-24T06:51:37.600+09:00 DEBUG 6703 --- [    Test worker] org.hibernate.SQL                        : drop table if exists orders cascade 
2024-05-24T06:51:37.600+09:00 DEBUG 6703 --- [    Test worker] org.hibernate.SQL                        : drop sequence if exists category_seq
2024-05-24T06:51:37.600+09:00 DEBUG 6703 --- [    Test worker] org.hibernate.SQL                        : drop sequence if exists delivery_seq
2024-05-24T06:51:37.601+09:00 DEBUG 6703 --- [    Test worker] org.hibernate.SQL                        : drop sequence if exists item_seq
2024-05-24T06:51:37.601+09:00 DEBUG 6703 --- [    Test worker] org.hibernate.SQL                        : drop sequence if exists member_seq
2024-05-24T06:51:37.601+09:00 DEBUG 6703 --- [    Test worker] org.hibernate.SQL                        : drop sequence if exists order_item_seq
2024-05-24T06:51:37.601+09:00 DEBUG 6703 --- [    Test worker] org.hibernate.SQL                        : drop sequence if exists orders_seq
2024-05-24T06:51:37.605+09:00 DEBUG 6703 --- [    Test worker] org.hibernate.SQL                        : create sequence category_seq start with 1 increment by 50
2024-05-24T06:51:37.606+09:00 DEBUG 6703 --- [    Test worker] org.hibernate.SQL                        : create sequence delivery_seq start with 1 increment by 50
2024-05-24T06:51:37.606+09:00 DEBUG 6703 --- [    Test worker] org.hibernate.SQL                        : create sequence item_seq start with 1 increment by 50
2024-05-24T06:51:37.606+09:00 DEBUG 6703 --- [    Test worker] org.hibernate.SQL                        : create sequence member_seq start with 1 increment by 50
2024-05-24T06:51:37.607+09:00 DEBUG 6703 --- [    Test worker] org.hibernate.SQL                        : create sequence order_item_seq start with 1 increment by 50
2024-05-24T06:51:37.607+09:00 DEBUG 6703 --- [    Test worker] org.hibernate.SQL                        : create sequence orders_seq start with 1 increment by 50
2024-05-24T06:51:37.609+09:00 DEBUG 6703 --- [    Test worker] org.hibernate.SQL                        : create table category (category_id bigint not null, parent_id bigint, name varchar(255), primary key (category_id))
2024-05-24T06:51:37.611+09:00 DEBUG 6703 --- [    Test worker] org.hibernate.SQL                        : create table category_item (category_id bigint not null, item_id bigint not null)
2024-05-24T06:51:37.612+09:00 DEBUG 6703 --- [    Test worker] org.hibernate.SQL                        : create table delivery (delivery_id bigint not null, city varchar(255), status varchar(255) check (status in ('READY','COMP')), street varchar(255), zipcode varchar(255), primary key (delivery_id))
2024-05-24T06:51:37.614+09:00 DEBUG 6703 --- [    Test worker] org.hibernate.SQL                        : create table item (price integer not null, stock_quantity integer not null, item_id bigint not null, dtype varchar(31) not null, actor varchar(255), artist varchar(255), author varchar(255), director varchar(255), etc varchar(255), isbn varchar(255), name varchar(255), primary key (item_id))
2024-05-24T06:51:37.614+09:00 DEBUG 6703 --- [    Test worker] org.hibernate.SQL                        : create table member (member_id bigint not null, city varchar(255), name varchar(255), street varchar(255), zipcode varchar(255), primary key (member_id))
2024-05-24T06:51:37.615+09:00 DEBUG 6703 --- [    Test worker] org.hibernate.SQL                        : create table order_item (count integer not null, order_price integer not null, item_id bigint, order_id bigint, order_item_id bigint not null, primary key (order_item_id))
2024-05-24T06:51:37.616+09:00 DEBUG 6703 --- [    Test worker] org.hibernate.SQL                        : create table orders (delivery_id bigint unique, member_id bigint, order_date timestamp(6), order_id bigint not null, status varchar(255) check (status in ('ORDER','CANCEL')), primary key (order_id))
2024-05-24T06:51:37.618+09:00 DEBUG 6703 --- [    Test worker] org.hibernate.SQL                        : alter table if exists category add constraint FK2y94svpmqttx80mshyny85wqr foreign key (parent_id) references category
2024-05-24T06:51:37.621+09:00 DEBUG 6703 --- [    Test worker] org.hibernate.SQL                        : alter table if exists category_item add constraint FKu8b4lwqutcdq3363gf6mlujq foreign key (item_id) references item
2024-05-24T06:51:37.622+09:00 DEBUG 6703 --- [    Test worker] org.hibernate.SQL                        : alter table if exists category_item add constraint FKcq2n0opf5shyh84ex1fhukcbh foreign key (category_id) references category
2024-05-24T06:51:37.623+09:00 DEBUG 6703 --- [    Test worker] org.hibernate.SQL                        : alter table if exists order_item add constraint FKija6hjjiit8dprnmvtvgdp6ru foreign key (item_id) references item
2024-05-24T06:51:37.624+09:00 DEBUG 6703 --- [    Test worker] org.hibernate.SQL                        : alter table if exists order_item add constraint FKt4dc2r9nbvbujrljv3e23iibt foreign key (order_id) references orders
2024-05-24T06:51:37.625+09:00 DEBUG 6703 --- [    Test worker] org.hibernate.SQL                        : alter table if exists orders add constraint FKtkrur7wg4d8ax0pwgo0vmy20c foreign key (delivery_id) references delivery
2024-05-24T06:51:37.626+09:00 DEBUG 6703 --- [    Test worker] org.hibernate.SQL                        : alter table if exists orders add constraint FKpktxwhj3x9m4gth5ff6bkqgeb foreign key (member_id) references member
2024-05-24T06:51:37.629+09:00  INFO 6703 --- [    Test worker] j.LocalContainerEntityManagerFactoryBean : Initialized JPA EntityManagerFactory for persistence unit 'default'
2024-05-24T06:51:37.811+09:00  WARN 6703 --- [    Test worker] JpaBaseConfiguration$JpaWebConfiguration : spring.jpa.open-in-view is enabled by default. Therefore, database queries may be performed during view rendering. Explicitly configure spring.jpa.open-in-view to disable this warning
2024-05-24T06:51:37.827+09:00  INFO 6703 --- [    Test worker] o.s.b.a.w.s.WelcomePageHandlerMapping    : Adding welcome page: class path resource [static/index.html]
2024-05-24T06:51:38.124+09:00  INFO 6703 --- [    Test worker] j.jpashop.service.OrderServiceTest       : Started OrderServiceTest in 2.401 seconds (process running for 3.077)
2024-05-24T06:51:38.595+09:00 DEBUG 6703 --- [    Test worker] org.hibernate.SQL                        : select next value for member_seq
2024-05-24T06:51:38.610+09:00 DEBUG 6703 --- [    Test worker] org.hibernate.SQL                        : select next value for item_seq
2024-05-24T06:51:38.629+09:00 DEBUG 6703 --- [    Test worker] org.hibernate.SQL                        : select next value for member_seq
2024-05-24T06:51:38.630+09:00 DEBUG 6703 --- [    Test worker] org.hibernate.SQL                        : select next value for item_seq
2024-05-24T06:51:38.631+09:00 DEBUG 6703 --- [    Test worker] org.hibernate.SQL                        : select next value for orders_seq
2024-05-24T06:51:38.632+09:00 DEBUG 6703 --- [    Test worker] org.hibernate.SQL                        : select next value for delivery_seq
2024-05-24T06:51:38.634+09:00 DEBUG 6703 --- [    Test worker] org.hibernate.SQL                        : select next value for order_item_seq
2024-05-24T06:51:38.641+09:00 DEBUG 6703 --- [    Test worker] org.hibernate.SQL                        : select next value for orders_seq
2024-05-24T06:51:38.641+09:00 DEBUG 6703 --- [    Test worker] org.hibernate.SQL                        : select next value for delivery_seq
2024-05-24T06:51:38.642+09:00 DEBUG 6703 --- [    Test worker] org.hibernate.SQL                        : select next value for order_item_seq
]]></system-out>
  <system-err><![CDATA[]]></system-err>
</testsuite>
